<?xml version="1.0" encoding="UTF-8"?>
<testsuites>
  <testsuite name="C:\Users\Alexandre PLOUZEAU\Desktop\Projets\Qommute\Factures\framework-php\phpunit.xml" tests="10" assertions="23" errors="0" failures="0" skipped="0" time="0.007455">
    <testsuite name="Unit Tests" tests="10" assertions="23" errors="0" failures="0" skipped="0" time="0.007455">
      <testsuite name="BasicValidationTest" file="C:\Users\Alexandre PLOUZEAU\Desktop\Projets\Qommute\Factures\framework-php\tests\Unit\BasicValidationTest.php" tests="2" assertions="13" errors="0" failures="0" skipped="0" time="0.003582">
        <testcase name="testEmailValidation" file="C:\Users\Alexandre PLOUZEAU\Desktop\Projets\Qommute\Factures\framework-php\tests\Unit\BasicValidationTest.php" line="14" class="BasicValidationTest" classname="BasicValidationTest" assertions="6" time="0.002881"/>
        <testcase name="testNicknameValidation" file="C:\Users\Alexandre PLOUZEAU\Desktop\Projets\Qommute\Factures\framework-php\tests\Unit\BasicValidationTest.php" line="35" class="BasicValidationTest" classname="BasicValidationTest" assertions="7" time="0.000701"/>
      </testsuite>
      <testsuite name="SimpleValidationTest" file="C:\Users\Alexandre PLOUZEAU\Desktop\Projets\Qommute\Factures\framework-php\tests\Unit\SimpleValidationTest.php" tests="8" assertions="10" errors="0" failures="0" skipped="0" time="0.003873">
        <testcase name="testEmailValidationWorks" file="C:\Users\Alexandre PLOUZEAU\Desktop\Projets\Qommute\Factures\framework-php\tests\Unit\SimpleValidationTest.php" line="11" class="SimpleValidationTest" classname="SimpleValidationTest" assertions="1" time="0.000561"/>
        <testcase name="testEmailValidationFailsForInvalidEmail" file="C:\Users\Alexandre PLOUZEAU\Desktop\Projets\Qommute\Factures\framework-php\tests\Unit\SimpleValidationTest.php" line="17" class="SimpleValidationTest" classname="SimpleValidationTest" assertions="1" time="0.000498"/>
        <testcase name="testNicknameValidationWorks" file="C:\Users\Alexandre PLOUZEAU\Desktop\Projets\Qommute\Factures\framework-php\tests\Unit\SimpleValidationTest.php" line="23" class="SimpleValidationTest" classname="SimpleValidationTest" assertions="1" time="0.000448"/>
        <testcase name="testNicknameValidationFailsForShortName" file="C:\Users\Alexandre PLOUZEAU\Desktop\Projets\Qommute\Factures\framework-php\tests\Unit\SimpleValidationTest.php" line="29" class="SimpleValidationTest" classname="SimpleValidationTest" assertions="1" time="0.000444"/>
        <testcase name="testPasswordValidationWorks" file="C:\Users\Alexandre PLOUZEAU\Desktop\Projets\Qommute\Factures\framework-php\tests\Unit\SimpleValidationTest.php" line="35" class="SimpleValidationTest" classname="SimpleValidationTest" assertions="1" time="0.000529"/>
        <testcase name="testPasswordValidationFailsForWeakPassword" file="C:\Users\Alexandre PLOUZEAU\Desktop\Projets\Qommute\Factures\framework-php\tests\Unit\SimpleValidationTest.php" line="41" class="SimpleValidationTest" classname="SimpleValidationTest" assertions="1" time="0.000472"/>
        <testcase name="testMultipleValidationWorks" file="C:\Users\Alexandre PLOUZEAU\Desktop\Projets\Qommute\Factures\framework-php\tests\Unit\SimpleValidationTest.php" line="47" class="SimpleValidationTest" classname="SimpleValidationTest" assertions="2" time="0.000457"/>
        <testcase name="testMultipleValidationFailsWithErrors" file="C:\Users\Alexandre PLOUZEAU\Desktop\Projets\Qommute\Factures\framework-php\tests\Unit\SimpleValidationTest.php" line="59" class="SimpleValidationTest" classname="SimpleValidationTest" assertions="2" time="0.000463"/>
      </testsuite>
    </testsuite>
  </testsuite>
</testsuites>
